<?xml version="1.0" encoding="UTF-8" ?>
<testsuite tests="4" failures="0" name="com.unite.solution.BeautifulDaysTest" time="0.006" errors="0" skipped="0">
  <properties>
[...]
</properties>
  <testcase classname="com.unite.solution.BeautifulDaysTest" name="countBeautifulDaysInNegativeRangeTest" time="0.001"/>
  <testcase classname="com.unite.solution.BeautifulDaysTest" name="countBeautifulDaysValidTest" time="0"/>
  <testcase classname="com.unite.solution.BeautifulDaysTest" name="countBeautifulDaysInvalidTest" time="0.005"/>
  <testcase classname="com.unite.solution.BeautifulDaysTest" name="countBeautifulDaysOverflowTest" time="0"/>
</testsuite>